<?xml version="1.0" encoding="UTF-8"?>
<!-- Generated by org.testng.reporters.JUnitXMLReporter -->
<testsuite ignored="0" hostname="SHORAYARAJ" failures="1" tests="2" name="Surefire test" time="13.661" errors="0" timestamp="2024-05-15T17:23:37 IST">
  <testcase classname="Rahulshettyacademy.rahulshettyacademy.tests.ErrorvalidationTest" name="LoginErrorValidation" time="0.812">
    <failure type="java.lang.AssertionError" message="expected [Incorrect email or password.] but found [Incorrect email  password.]">
      <![CDATA[java.lang.AssertionError: expected [Incorrect email or password.] but found [Incorrect email  password.]
at Rahulshettyacademy.rahulshettyacademy.tests.ErrorvalidationTest.LoginErrorValidation(ErrorvalidationTest.java:32)
at java.base/java.util.ArrayList.forEach(ArrayList.java:1511)
... Removed 36 stack frames]]>
    </failure>
  </testcase> <!-- LoginErrorValidation -->
  <testcase classname="Rahulshettyacademy.rahulshettyacademy.tests.ErrorvalidationTest" name="Producterrorvalidation" time="2.693"/>
</testsuite> <!-- Surefire test -->
