<?xml version="1.0" encoding="UTF-8"?>
<!-- Generated by org.testng.reporters.JUnitXMLReporter -->
<testsuite ignored="0" hostname="SHORAYARAJ" failures="0" tests="2" name="Surefire test" time="19.511" errors="0" timestamp="2024-03-23T06:49:55 IST">
  <testcase classname="Rahulshettyacademy.rahulshettyacademy.tests.ErrorvalidationTest" name="LoginErrorValidation" time="0.562"/>
  <testcase classname="Rahulshettyacademy.rahulshettyacademy.tests.ErrorvalidationTest" name="Producterrorvalidation" time="13.737"/>
</testsuite> <!-- Surefire test -->
