<?xml version="1.0" encoding="UTF-8"?>
<!-- Generated by org.testng.reporters.JUnitXMLReporter -->
<testsuite ignored="0" hostname="SHORAYARAJ" failures="0" tests="2" name="Default test" time="24.16" errors="0" timestamp="2024-03-24T16:10:02 IST">
  <testcase classname="Rahulshettyacademy.rahulshettyacademy.tests.StandAloneTest2" name="Endtoendtest" time="14.861"/>
  <testcase classname="Rahulshettyacademy.rahulshettyacademy.tests.StandAloneTest2" name="GotoOrderHistory" time="1.04"/>
</testsuite> <!-- Default test -->
