<?xml version="1.0" encoding="UTF-8"?>
<!-- Generated by org.testng.reporters.JUnitXMLReporter -->
<testsuite ignored="2" hostname="SHORAYARAJ" failures="0" tests="0" time="0.011" errors="0" timestamp="2024-04-01T23:47:06 IST">
  <testcase classname="Rahulshettyacademy.rahulshettyacademy.tests.StandAloneTest2" name="Endtoendtest" time="0.0">
    <ignored/>
  </testcase> <!-- Endtoendtest -->
  <testcase classname="Rahulshettyacademy.rahulshettyacademy.tests.StandAloneTest2" name="GotoOrderHistory" time="0.0">
    <ignored/>
  </testcase> <!-- GotoOrderHistory -->
</testsuite>
