<?xml version="1.0" encoding="UTF-8"?>
<!-- Generated by org.testng.reporters.JUnitXMLReporter -->
<testsuite ignored="0" hostname="SHORAYARAJ" failures="1" tests="2" name="ErrorValidationTest" time="42.079" errors="0" timestamp="2024-04-02T00:07:25 IST">
  <testcase classname="Rahulshettyacademy.rahulshettyacademy.tests.ErrorvalidationTest" name="LoginErrorValidation" time="0.732">
    <failure type="java.lang.AssertionError" message="expected [Incorrect email or password.] but found [Incorrect email  password.]">
      <![CDATA[java.lang.AssertionError: expected [Incorrect email or password.] but found [Incorrect email  password.]
at Rahulshettyacademy.rahulshettyacademy.tests.ErrorvalidationTest.LoginErrorValidation(ErrorvalidationTest.java:32)
at java.base/java.util.ArrayList.forEach(ArrayList.java:1511)
at java.base/java.util.concurrent.FutureTask.run(FutureTask.java:317)
at java.base/java.util.concurrent.ThreadPoolExecutor.runWorker(ThreadPoolExecutor.java:1144)
at java.base/java.util.concurrent.ThreadPoolExecutor$Worker.run(ThreadPoolExecutor.java:642)
at java.base/java.lang.Thread.run(Thread.java:1623)
... Removed 21 stack frames]]>
    </failure>
  </testcase> <!-- LoginErrorValidation -->
  <testcase classname="Rahulshettyacademy.rahulshettyacademy.tests.ErrorvalidationTest" name="Producterrorvalidation" time="24.0"/>
</testsuite> <!-- ErrorValidationTest -->
