<?xml version="1.0" encoding="UTF-8"?>
<!-- Generated by org.testng.reporters.JUnitXMLReporter -->
<testsuite ignored="0" hostname="SHORAYARAJ" failures="0" tests="3" name="ProductorderTest" time="49.732" errors="0" timestamp="2024-04-02T00:07:32 IST">
  <testcase classname="Rahulshettyacademy.rahulshettyacademy.tests.StandAloneTest2" name="Endtoendtest" time="15.145"/>
  <testcase classname="Rahulshettyacademy.rahulshettyacademy.tests.StandAloneTest2" name="Endtoendtest" time="19.344"/>
  <testcase classname="Rahulshettyacademy.rahulshettyacademy.tests.StandAloneTest2" name="GotoOrderHistory" time="0.725"/>
</testsuite> <!-- ProductorderTest -->
