<?xml version="1.0" encoding="UTF-8"?>
<!-- Generated by org.testng.reporters.JUnitXMLReporter -->
<testsuite ignored="1" hostname="SHORAYARAJ" failures="0" tests="1" name="Test(failed)" time="17.625" errors="0" timestamp="2024-03-23T06:47:06 IST">
  <testcase classname="Rahulshettyacademy.rahulshettyacademy.tests.ErrorvalidationTest" name="Producterrorvalidation" time="13.756"/>
  <testcase classname="Rahulshettyacademy.rahulshettyacademy.tests.ErrorvalidationTest" name="LoginErrorValidation" time="0.0">
    <ignored/>
  </testcase> <!-- LoginErrorValidation -->
</testsuite> <!-- Test(failed) -->
